\BOOKMARK [0][-]{chapter.1}{Sistemas de Recomendaci\363n Web}{}% 1
\BOOKMARK [1][-]{section.1.1}{Personalizaci\363n de la Web}{chapter.1}% 2
\BOOKMARK [1][-]{section.1.2}{Miner\355a de Uso Web}{chapter.1}% 3
\BOOKMARK [2][-]{subsection.1.2.1}{DATOS}{section.1.2}% 4
\BOOKMARK [2][-]{subsection.1.2.2}{Selecci\363n}{section.1.2}% 5
\BOOKMARK [2][-]{subsection.1.2.3}{Preproceso}{section.1.2}% 6
\BOOKMARK [2][-]{subsection.1.2.4}{Transformaci\363n}{section.1.2}% 7
\BOOKMARK [2][-]{subsection.1.2.5}{Miner\355a de Datos \(DM\)}{section.1.2}% 8
\BOOKMARK [2][-]{subsection.1.2.6}{Evaluaci\363n e Integraci\363n}{section.1.2}% 9
\BOOKMARK [2][-]{subsection.1.2.7}{CONOCIMIENTO}{section.1.2}% 10
\BOOKMARK [1][-]{section.1.3}{Miner\355a de Datos}{chapter.1}% 11
\BOOKMARK [2][-]{subsection.1.3.1}{Mapas de Navegaci\363n Web}{section.1.3}% 12
\BOOKMARK [2][-]{subsection.1.3.2}{Reglas de Asociaci\363n}{section.1.3}% 13
\BOOKMARK [1][-]{section.1.4}{Publicaciones}{chapter.1}% 14
\BOOKMARK [2][-]{subsection.1.4.1}{Actas de HCII\22005}{section.1.4}% 15
\BOOKMARK [2][-]{subsection.1.4.2}{Actas de Interacci\363n\22005}{section.1.4}% 16
\BOOKMARK [2][-]{subsection.1.4.3}{Actas de SICO\22005}{section.1.4}% 17
\BOOKMARK [0][-]{chapter.2}{Miner\355a de Reglas de Asociaci\363n \(ARM\)}{}% 18
\BOOKMARK [1][-]{section.2.1}{Conceptos b\341sicos}{chapter.2}% 19
\BOOKMARK [2][-]{subsection.2.1.1}{Tipo de Datos}{section.2.1}% 20
\BOOKMARK [2][-]{subsection.2.1.2}{Primeros algoritmos}{section.2.1}% 21
\BOOKMARK [2][-]{subsection.2.1.3}{Formato de D}{section.2.1}% 22
\BOOKMARK [2][-]{subsection.2.1.4}{Fases de ARM}{section.2.1}% 23
\BOOKMARK [1][-]{section.2.2}{Miner\355a de Itemsets Frecuentes}{chapter.2}% 24
\BOOKMARK [2][-]{subsection.2.2.1}{Algoritmos y estructuras}{section.2.2}% 25
\BOOKMARK [2][-]{subsection.2.2.2}{Evaluaci\363n de diferentes implementaciones}{section.2.2}% 26
\BOOKMARK [1][-]{section.2.3}{Generaci\363n de Reglas de Asociaci\363n}{chapter.2}% 27
\BOOKMARK [2][-]{subsection.2.3.1}{genrules\(\)}{section.2.3}% 28
\BOOKMARK [2][-]{subsection.2.3.2}{Apriori2}{section.2.3}% 29
\BOOKMARK [1][-]{section.2.4}{El \315tem Raro}{chapter.2}% 30
\BOOKMARK [2][-]{subsection.2.4.1}{Estudio de \355tems raros}{section.2.4}% 31
\BOOKMARK [2][-]{subsection.2.4.2}{Reglas de Oportunidad}{section.2.4}% 32
\BOOKMARK [1][-]{section.2.5}{Publicaciones}{chapter.2}% 33
\BOOKMARK [2][-]{subsection.2.5.1}{HCII\22007}{section.2.5}% 34
\BOOKMARK [2][-]{subsection.2.5.2}{ESWA, vol. 35\(3\) 2008}{section.2.5}% 35
\BOOKMARK [2][-]{subsection.2.5.3}{Interacci\363n\22010}{section.2.5}% 36
\BOOKMARK [0][-]{chapter.3}{ARM sobre Cat\341logos}{}% 37
\BOOKMARK [1][-]{section.3.1}{Cat\341logo}{chapter.3}% 38
\BOOKMARK [1][-]{section.3.2}{Cat\341logo comprimido}{chapter.3}% 39
\BOOKMARK [2][-]{subsection.3.2.1}{Lectura de cat\341logos comprimidos}{section.3.2}% 40
\BOOKMARK [1][-]{section.3.3}{Cat\341logo completo}{chapter.3}% 41
\BOOKMARK [1][-]{section.3.4}{Publicaciones}{chapter.3}% 42
\BOOKMARK [2][-]{subsection.3.4.1}{Interacci\363n'12}{section.3.4}% 43
\BOOKMARK [2][-]{subsection.3.4.2}{[...]}{section.3.4}% 44
\BOOKMARK [2][-]{subsection.3.4.3}{[...]}{section.3.4}% 45
\BOOKMARK [0][-]{chapter.4}{Conclusiones y Trabajo Futuro}{}% 46
